2024-07-21 15:17:35 :: PID: 68641 :: Status: Successful
Command run: echo hi :: Time taken: 0.003323078155517578 seconds
Error: none

2024-07-21 22:41:58 :: PID: 910557 :: Status: Successful
Command run: echo hi :: Time taken: 0.0005385875701904297 seconds
Error: none

2024-07-21 23:51:49 :: PID: 69161 :: Status: Successful
Command run: echo hi :: Time taken: 0.0032761096954345703 seconds
Error: none

2024-07-21 23:52:18 :: PID: 71039 :: Status: Successful
Command run: echo hi :: Time taken: 0.0034170150756835938 seconds
Error: none

2024-07-21 23:53:54 :: PID: 75374 :: Status: Successful
Command run: echo hi :: Time taken: 0.0031957626342773438 seconds
Error: none

2024-07-21 23:54:03 :: PID: 75631 :: Status: Successful
Command run: echo hi :: Time taken: 0.0033957958221435547 seconds
Error: none

2024-07-21 23:54:12 :: PID: 75911 :: Status: Successful
Command run: echo hi :: Time taken: 0.0033690929412841797 seconds
Error: none

2024-07-21 23:54:33 :: PID: 76543 :: Status: Error
Command run: echod hi :: Time taken: 0.004523038864135742 seconds
Error: /bin/sh: echod: command not found

2024-07-21 23:57:47 :: PID: 81463 :: Status: Error
Command run: echod hi :: Time taken: 0.004405975341796875 seconds
Error: /bin/sh: echod: command not found

2024-07-22 00:00:41 :: PID: 86100 :: Status: Error
Command run: echod hi :: Time taken: 0.0034859180450439453 seconds
Error: /bin/sh: echod: command not found

2024-07-22 00:01:06 :: PID: 86738 :: Status: Error
Command run: echod hi :: Time taken: 0.004264116287231445 seconds
Error: /bin/sh: echod: command not found

2024-07-22 00:02:19 :: PID: 88704 :: Status: Successful
Command run: echo hi :: Time taken: 0.0033109188079833984 seconds
Error: none

2024-07-22 00:03:06 :: PID: 89952 :: Status: Successful
Command run: echo hi :: Time taken: 0.0034470558166503906 seconds
Error: none

2024-07-22 00:03:12 :: PID: 90187 :: Status: Error
Command run: echod hi :: Time taken: 0.004085063934326172 seconds
Error: /bin/sh: echod: command not found

2024-07-22 00:03:22 :: PID: 90500 :: Status: Error
Command run: echod hi :: Time taken: 0.0037381649017333984 seconds
Error: /bin/sh: echod: command not found

2024-07-22 00:03:28 :: PID: 90749 :: Status: Successful
Command run: echo hi :: Time taken: 0.0040740966796875 seconds
Error: none

